# JRE version: Java(TM) SE Runtime Environment (17.0.3.1+2) (build 17.0.3.1+2-LTS-6)
# Java VM: Java HotSpot(TM) 64-Bit Server VM (17.0.3.1+2-LTS-6, mixed mode, sharing, tiered, compressed oops, compressed class ptrs, g1 gc, windows-amd64)
GC Precious Log:
 CPUs: 8 total, 8 available
 Memory: 6091M
 Large Page Support: Disabled
 NUMA Support: Disabled
 Compressed Oops: Enabled (32-bit)
 Heap Region Size: 1M
 Heap Min Capacity: 8M
 Heap Initial Capacity: 96M
 Heap Max Capacity: 1524M
 Pre-touch: Disabled
 Parallel Workers: 8
 Concurrent Workers: 2
 Concurrent Refinement Workers: 8
 Periodic GC: Disabled
Heap:
 garbage-first heap   total 186368K, used 65076K [0x00000000a0c00000, 0x0000000100000000)
  region size 1024K, 1 young (1024K), 1 survivors (1024K)
 Metaspace       used 75733K, committed 76288K, reserved 1122304K
  class space    used 10452K, committed 10688K, reserved 1048576K
GC Heap History (20 events):
Event: 12.415 GC heap after
{Heap after GC invocations=29 (full 0):
 garbage-first heap   total 83968K, used 48741K [0x00000000a0c00000, 0x0000000100000000)
  region size 1024K, 2 young (2048K), 2 survivors (2048K)
 Metaspace       used 63710K, committed 64192K, reserved 1105920K
  class space    used 8867K, committed 9088K, reserved 1048576K
}
Event: 12.444 GC heap before
{Heap before GC invocations=29 (full 0):
 garbage-first heap   total 83968K, used 62053K [0x00000000a0c00000, 0x0000000100000000)
  region size 1024K, 15 young (15360K), 2 survivors (2048K)
 Metaspace       used 63710K, committed 64192K, reserved 1105920K
  class space    used 8867K, committed 9088K, reserved 1048576K
}
Event: 12.448 GC heap after
{Heap after GC invocations=30 (full 0):
 garbage-first heap   total 83968K, used 51472K [0x00000000a0c00000, 0x0000000100000000)
  region size 1024K, 2 young (2048K), 2 survivors (2048K)
 Metaspace       used 63710K, committed 64192K, reserved 1105920K
  class space    used 8867K, committed 9088K, reserved 1048576K
}
Event: 12.492 GC heap before
{Heap before GC invocations=30 (full 0):
 garbage-first heap   total 83968K, used 62736K [0x00000000a0c00000, 0x0000000100000000)
  region size 1024K, 14 young (14336K), 2 survivors (2048K)
 Metaspace       used 63728K, committed 64192K, reserved 1105920K
  class space    used 8867K, committed 9088K, reserved 1048576K
}
Event: 12.497 GC heap after
{Heap after GC invocations=31 (full 0):
 garbage-first heap   total 186368K, used 54108K [0x00000000a0c00000, 0x0000000100000000)
  region size 1024K, 2 young (2048K), 2 survivors (2048K)
 Metaspace       used 63728K, committed 64192K, reserved 1105920K
  class space    used 8867K, committed 9088K, reserved 1048576K
}
Event: 12.778 GC heap before
{Heap before GC invocations=32 (full 0):
 garbage-first heap   total 186368K, used 118620K [0x00000000a0c00000, 0x0000000100000000)
  region size 1024K, 65 young (66560K), 2 survivors (2048K)
 Metaspace       used 63800K, committed 64320K, reserved 1105920K
  class space    used 8867K, committed 9088K, reserved 1048576K
}
Event: 12.793 GC heap after
{Heap after GC invocations=33 (full 0):
 garbage-first heap   total 186368K, used 69937K [0x00000000a0c00000, 0x0000000100000000)
  region size 1024K, 9 young (9216K), 9 survivors (9216K)
 Metaspace       used 63800K, committed 64320K, reserved 1105920K
  class space    used 8867K, committed 9088K, reserved 1048576K
}
Event: 12.794 GC heap before
{Heap before GC invocations=33 (full 0):
 garbage-first heap   total 186368K, used 70961K [0x00000000a0c00000, 0x0000000100000000)
  region size 1024K, 10 young (10240K), 9 survivors (9216K)
 Metaspace       used 63801K, committed 64320K, reserved 1105920K
  class space    used 8867K, committed 9088K, reserved 1048576K
}
Event: 12.800 GC heap after
{Heap after GC invocations=34 (full 0):
 garbage-first heap   total 186368K, used 69349K [0x00000000a0c00000, 0x0000000100000000)
  region size 1024K, 1 young (1024K), 1 survivors (1024K)
 Metaspace       used 63801K, committed 64320K, reserved 1105920K
  class space    used 8867K, committed 9088K, reserved 1048576K
}
Event: 13.034 GC heap before
{Heap before GC invocations=34 (full 0):
 garbage-first heap   total 186368K, used 123621K [0x00000000a0c00000, 0x0000000100000000)
  region size 1024K, 54 young (55296K), 1 survivors (1024K)
 Metaspace       used 63851K, committed 64320K, reserved 1105920K
  class space    used 8868K, committed 9088K, reserved 1048576K
}
Event: 13.044 GC heap after
{Heap after GC invocations=35 (full 0):
 garbage-first heap   total 186368K, used 82661K [0x00000000a0c00000, 0x0000000100000000)
  region size 1024K, 7 young (7168K), 7 survivors (7168K)
 Metaspace       used 63851K, committed 64320K, reserved 1105920K
  class space    used 8868K, committed 9088K, reserved 1048576K
}
Event: 14.362 GC heap before
{Heap before GC invocations=35 (full 0):
 garbage-first heap   total 186368K, used 130789K [0x00000000a0c00000, 0x0000000100000000)
  region size 1024K, 55 young (56320K), 7 survivors (7168K)
 Metaspace       used 69485K, committed 70016K, reserved 1114112K
  class space    used 9662K, committed 9920K, reserved 1048576K
}
Event: 14.377 GC heap after
{Heap after GC invocations=36 (full 0):
 garbage-first heap   total 186368K, used 91549K [0x00000000a0c00000, 0x0000000100000000)
  region size 1024K, 7 young (7168K), 7 survivors (7168K)
 Metaspace       used 69485K, committed 70016K, reserved 1114112K
  class space    used 9662K, committed 9920K, reserved 1048576K
}
Event: 15.624 GC heap before
{Heap before GC invocations=36 (full 0):
 garbage-first heap   total 186368K, used 137629K [0x00000000a0c00000, 0x0000000100000000)
  region size 1024K, 52 young (53248K), 7 survivors (7168K)
 Metaspace       used 72779K, committed 73280K, reserved 1114112K
  class space    used 10174K, committed 10432K, reserved 1048576K
}
Event: 15.637 GC heap after
{Heap after GC invocations=37 (full 0):
 garbage-first heap   total 186368K, used 97438K [0x00000000a0c00000, 0x0000000100000000)
  region size 1024K, 5 young (5120K), 5 survivors (5120K)
 Metaspace       used 72779K, committed 73280K, reserved 1114112K
  class space    used 10174K, committed 10432K, reserved 1048576K
}
Event: 16.501 GC heap before
{Heap before GC invocations=38 (full 0):
 garbage-first heap   total 186368K, used 129182K [0x00000000a0c00000, 0x0000000100000000)
  region size 1024K, 49 young (50176K), 5 survivors (5120K)
 Metaspace       used 75512K, committed 76096K, reserved 1122304K
  class space    used 10444K, committed 10688K, reserved 1048576K
}
Event: 16.511 GC heap after
{Heap after GC invocations=39 (full 0):
 garbage-first heap   total 186368K, used 86991K [0x00000000a0c00000, 0x0000000100000000)
  region size 1024K, 4 young (4096K), 4 survivors (4096K)
 Metaspace       used 75512K, committed 76096K, reserved 1122304K
  class space    used 10444K, committed 10688K, reserved 1048576K
}
Event: 16.571 GC heap before
{Heap before GC invocations=39 (full 0):
 garbage-first heap   total 186368K, used 92111K [0x00000000a0c00000, 0x0000000100000000)
  region size 1024K, 9 young (9216K), 4 survivors (4096K)
 Metaspace       used 75624K, committed 76160K, reserved 1122304K
  class space    used 10451K, committed 10688K, reserved 1048576K
}
Event: 16.577 GC heap after
{Heap after GC invocations=40 (full 0):
 garbage-first heap   total 186368K, used 68454K [0x00000000a0c00000, 0x0000000100000000)
  region size 1024K, 1 young (1024K), 1 survivors (1024K)
 Metaspace       used 75624K, committed 76160K, reserved 1122304K
  class space    used 10451K, committed 10688K, reserved 1048576K
}
Event: 18.137 GC heap before
{Heap before GC invocations=40 (full 0):
 garbage-first heap   total 186368K, used 76646K [0x00000000a0c00000, 0x0000000100000000)
  region size 1024K, 9 young (9216K), 1 survivors (1024K)
 Metaspace       used 75733K, committed 76288K, reserved 1122304K
  class space    used 10452K, committed 10688K, reserved 1048576K
}

